{"/Users/francescaadu/Developer/La Fosse Academy/Lap 1/Debug_Test/writetests/function.js": {"path":"/Users/francescaadu/Developer/La Fosse Academy/Lap 1/Debug_Test/writetests/function.js","statementMap":{"0":{"start":{"line":1,"column":20},"end":{"line":14,"column":1}},"1":{"start":{"line":2,"column":0},"end":{"line":4,"column":1}},"2":{"start":{"line":3,"column":4},"end":{"line":3,"column":14}},"3":{"start":{"line":5,"column":14},"end":{"line":5,"column":21}},"4":{"start":{"line":6,"column":19},"end":{"line":6,"column":20}},"5":{"start":{"line":7,"column":0},"end":{"line":12,"column":1}},"6":{"start":{"line":7,"column":11},"end":{"line":7,"column":12}},"7":{"start":{"line":8,"column":4},"end":{"line":11,"column":5}},"8":{"start":{"line":9,"column":8},"end":{"line":9,"column":25}},"9":{"start":{"line":10,"column":8},"end":{"line":10,"column":25}},"10":{"start":{"line":13,"column":4},"end":{"line":13,"column":24}},"11":{"start":{"line":16,"column":0},"end":{"line":18,"column":1}}},"fnMap":{"0":{"name":"(anonymous_0)","decl":{"start":{"line":1,"column":20},"end":{"line":1,"column":21}},"loc":{"start":{"line":1,"column":29},"end":{"line":14,"column":1}},"line":1}},"branchMap":{"0":{"loc":{"start":{"line":2,"column":0},"end":{"line":4,"column":1}},"type":"if","locations":[{"start":{"line":2,"column":0},"end":{"line":4,"column":1}},{"start":{},"end":{}}],"line":2},"1":{"loc":{"start":{"line":2,"column":3},"end":{"line":2,"column":26}},"type":"binary-expr","locations":[{"start":{"line":2,"column":3},"end":{"line":2,"column":7}},{"start":{"line":2,"column":11},"end":{"line":2,"column":26}}],"line":2},"2":{"loc":{"start":{"line":8,"column":4},"end":{"line":11,"column":5}},"type":"if","locations":[{"start":{"line":8,"column":4},"end":{"line":11,"column":5}},{"start":{},"end":{}}],"line":8}},"s":{"0":1,"1":3,"2":2,"3":1,"4":1,"5":1,"6":1,"7":3,"8":1,"9":1,"10":1,"11":1},"f":{"0":3},"b":{"0":[2,1],"1":[3,2],"2":[1,2]},"_coverageSchema":"1a1c01bbd47fc00a2c39e90264f33305004495a9","hash":"785093bcad2e363db6c9f0bf3738d9e017e67436"}
}
